#
# A fatal error has been detected by the Java Runtime Environment:
#
#  EXCEPTION_ACCESS_VIOLATION (0xc0000005) at pc=0x000000005cd3d3b0, pid=7840, tid=0x0000000000000654
#
# JRE version: OpenJDK Runtime Environment (8.0_152-b02) (build 1.8.0_152-release-1024-b02)
# Java VM: OpenJDK 64-Bit Server VM (25.152-b02 mixed mode windows-amd64 compressed oops)
# Problematic frame:
# V  [jvm.dll+0x46d3b0]
#
# Failed to write core dump. Minidumps are not enabled by default on client versions of Windows
#
# If you would like to submit a bug report, please visit:
#   http://bugreport.java.com/bugreport/crash.jsp
#

---------------  T H R E A D  ---------------

Current thread (0x0000000015de5000):  JavaThread "C2 CompilerThread0" daemon [_thread_in_native, id=1620, stack(0x0000000016e30000,0x0000000016f30000)]

siginfo: ExceptionCode=0xc0000005, writing address 0x0000000000000000

Registers:
RAX=0x0000000000000000, RBX=0x0000000024eb37b0, RCX=0x0000000016f2be30, RDX=0x00000000000001f3
RSP=0x0000000016f2bd98, RBP=0x0000000000000d24, RSI=0x0000000016f2c150, RDI=0x000000000000193f
R8 =0x0000000000000010, R9 =0x000000001eed2200, R10=0x000000005c8d0000, R11=0x0000000024e93870
R12=0x000000005d095090, R13=0x0000000021d3ef10, R14=0x000000000009a3f0, R15=0x000000005c8d0000
RIP=0x000000005cd3d3b0, EFLAGS=0x0000000000010246

Top of Stack: (sp=0x0000000016f2bd98)
0x0000000016f2bd98:   000000005cd060ff 0000000016f2c170
0x0000000016f2bda8:   0000000024eb0f10 0000000000000d24
0x0000000016f2bdb8:   0000000016f2c150 0000161200000000
0x0000000016f2bdc8:   0000000000000008 0000000026f0e480
0x0000000016f2bdd8:   0000000000000023 0000000021b5ad68
0x0000000016f2bde8:   0000000000000023 0000000024e935f0
0x0000000016f2bdf8:   000022d400000000 0000000000000008
0x0000000016f2be08:   000000001800c100 0000000000000023
0x0000000016f2be18:   000000001ece18b0 0000000000000023
0x0000000016f2be28:   0000000024e3a6d0 0000194400000000
0x0000000016f2be38:   0000000000000002 000000001f195a20
0x0000000016f2be48:   000000000000001a 000000001f19d330
0x0000000016f2be58:   0000000000000023 0000000016f2c170
0x0000000016f2be68:   0000000000000023 00000000269c6128
0x0000000016f2be78:   0000000016f2c150 0000000000000d24
0x0000000016f2be88:   0000000024e935f0 0000000000001609 

Instructions: (pc=0x000000005cd3d3b0)
0x000000005cd3d390:   bb 90 00 00 00 72 e9 48 8b 5c 24 40 48 83 c4 20
0x000000005cd3d3a0:   5f c3 cc cc cc cc cc cc cc cc cc cc cc cc cc cc
0x000000005cd3d3b0:   40 57 48 83 ec 20 48 63 51 08 48 8b f9 83 fa 08
0x000000005cd3d3c0:   73 22 48 8b 41 10 48 8d 0c 90 66 0f 1f 44 00 00 


Register to memory mapping:

RAX=0x0000000000000000 is an unknown value
RBX=0x0000000024eb37b0 is an unknown value
RCX=0x0000000016f2be30 is pointing into the stack for thread: 0x0000000015de5000
RDX=0x00000000000001f3 is an unknown value
RSP=0x0000000016f2bd98 is pointing into the stack for thread: 0x0000000015de5000
RBP=0x0000000000000d24 is an unknown value
RSI=0x0000000016f2c150 is pointing into the stack for thread: 0x0000000015de5000
RDI=0x000000000000193f is an unknown value
R8 =0x0000000000000010 is an unknown value
R9 =0x000000001eed2200 is an unknown value
R10=0x000000005c8d0000 is an unknown value
R11=0x0000000024e93870 is an unknown value
R12=0x000000005d095090 is an unknown value
R13=0x0000000021d3ef10 is an unknown value
R14=0x000000000009a3f0 is an unknown value
R15=0x000000005c8d0000 is an unknown value


Stack: [0x0000000016e30000,0x0000000016f30000],  sp=0x0000000016f2bd98,  free space=1007k
Native frames: (J=compiled Java code, j=interpreted, Vv=VM code, C=native code)
V  [jvm.dll+0x46d3b0]
V  [jvm.dll+0x4360ff]
V  [jvm.dll+0x437bc8]
V  [jvm.dll+0x437db6]
V  [jvm.dll+0x435944]
V  [jvm.dll+0x434ae4]
V  [jvm.dll+0x43f76b]
V  [jvm.dll+0x44203e]
V  [jvm.dll+0x4250b2]
V  [jvm.dll+0x814c8]
V  [jvm.dll+0x81dff]
V  [jvm.dll+0x21d2df]
V  [jvm.dll+0x26d7ea]
C  [msvcr100.dll+0x21d9f]
C  [msvcr100.dll+0x21e3b]
C  [KERNEL32.DLL+0x13d2]
C  [ntdll.dll+0x154f4]


Current CompileTask:
C2:10016168 33506 %     4       com.sun.tools.javac.jvm.ClassWriter::writePool @ 18 (1051 bytes)


---------------  P R O C E S S  ---------------

Java Threads: ( => current thread )
  0x0000000023ec9000 JavaThread "Cache worker for Java compile cache (C:\Users\Verena\Documents\Verena\FH\4.SEM\PRO4\PRo4\SmartBarbell\.gradle\4.4\javaCompile)" [_thread_blocked, id=1836, stack(0x0000000021470000,0x0000000021570000)]
  0x0000000023eca800 JavaThread "Task worker for ':'" [_thread_in_native, id=168, stack(0x0000000021170000,0x0000000021270000)]
  0x0000000023ec8800 JavaThread "Cache worker for Build Output Cleanup Cache (C:\Users\Verena\Documents\Verena\FH\4.SEM\PRO4\PRo4\SmartBarbell\.gradle\buildOutputCleanup)" [_thread_blocked, id=2188, stack(0x0000000020e70000,0x0000000020f70000)]
  0x0000000023eca000 JavaThread "Cache worker for task history cache (C:\Users\Verena\Documents\Verena\FH\4.SEM\PRO4\PRo4\SmartBarbell\.gradle\4.4\taskHistory)" [_thread_blocked, id=8572, stack(0x0000000020570000,0x0000000020670000)]
  0x0000000023ec4000 JavaThread "Cache worker for file content cache (C:\Users\Verena\Documents\Verena\FH\4.SEM\PRO4\PRo4\SmartBarbell\.gradle\4.4\fileContent)" [_thread_blocked, id=3564, stack(0x0000000020250000,0x0000000020350000)]
  0x0000000023ec7000 JavaThread "build operations Thread 2" [_thread_blocked, id=5760, stack(0x000000001ff50000,0x0000000020050000)]
  0x0000000023ec3000 JavaThread "build operations" [_thread_blocked, id=8864, stack(0x000000001fa50000,0x000000001fb50000)]
  0x0000000023ec2800 JavaThread "Cache worker for Artifact transforms cache (C:\Users\Verena\.gradle\caches\transforms-1)" [_thread_blocked, id=6464, stack(0x000000001d320000,0x000000001d420000)]
  0x0000000023ebf800 JavaThread "Cache worker for file hash cache (C:\Users\Verena\Documents\Verena\FH\4.SEM\PRO4\PRo4\SmartBarbell\.gradle\4.4\fileHashes)" [_thread_blocked, id=412, stack(0x000000001d220000,0x000000001d320000)]
  0x0000000018c0e000 JavaThread "Stdin handler" [_thread_blocked, id=2944, stack(0x000000001cd20000,0x000000001ce20000)]
  0x0000000018c09800 JavaThread "Asynchronous log dispatcher for DefaultDaemonConnection: socket connection from /127.0.0.1:49576 to /127.0.0.1:53568" [_thread_blocked, id=2400, stack(0x000000001c220000,0x000000001c320000)]
  0x0000000018c03800 JavaThread "Cancel handler" [_thread_blocked, id=2232, stack(0x0000000019bf0000,0x0000000019cf0000)]
  0x0000000018c01000 JavaThread "Handler for socket connection from /127.0.0.1:49576 to /127.0.0.1:53568" [_thread_in_native, id=3908, stack(0x00000000196f0000,0x00000000197f0000)]
  0x0000000026b36800 JavaThread "Daemon worker Thread 18" [_thread_blocked, id=7772, stack(0x0000000019cf0000,0x0000000019df0000)]
  0x0000000026b32800 JavaThread "Daemon Thread 18" [_thread_blocked, id=8328, stack(0x00000000195f0000,0x00000000196f0000)]
  0x0000000018669800 JavaThread "Memory manager" [_thread_blocked, id=8980, stack(0x000000001dd70000,0x000000001de70000)]
  0x0000000017373000 JavaThread "File lock request listener" [_thread_in_native, id=2152, stack(0x000000001b0c0000,0x000000001b1c0000)]
  0x000000001814b000 JavaThread "Cache worker for file hash cache (C:\Users\Verena\.gradle\caches\4.4\fileHashes)" [_thread_blocked, id=1536, stack(0x000000001afc0000,0x000000001b0c0000)]
  0x000000001730a000 JavaThread "Daemon periodic checks" [_thread_blocked, id=2716, stack(0x00000000194f0000,0x00000000195f0000)]
  0x0000000017379000 JavaThread "Incoming local TCP Connector on port 49576" [_thread_in_native, id=1600, stack(0x00000000192e0000,0x00000000193e0000)]
  0x0000000015e4d800 JavaThread "Service Thread" daemon [_thread_blocked, id=4552, stack(0x0000000017030000,0x0000000017130000)]
  0x0000000015deb800 JavaThread "C1 CompilerThread1" daemon [_thread_blocked, id=1460, stack(0x0000000016f30000,0x0000000017030000)]
=>0x0000000015de5000 JavaThread "C2 CompilerThread0" daemon [_thread_in_native, id=1620, stack(0x0000000016e30000,0x0000000016f30000)]
  0x0000000015de3000 JavaThread "Attach Listener" daemon [_thread_blocked, id=7960, stack(0x0000000016d30000,0x0000000016e30000)]
  0x0000000015def800 JavaThread "Signal Dispatcher" daemon [_thread_blocked, id=5684, stack(0x0000000016c30000,0x0000000016d30000)]
  0x0000000015dcf000 JavaThread "Finalizer" daemon [_thread_blocked, id=7472, stack(0x0000000016a20000,0x0000000016b20000)]
  0x0000000015da4800 JavaThread "Reference Handler" daemon [_thread_blocked, id=8016, stack(0x0000000016920000,0x0000000016a20000)]
  0x0000000000b9e000 JavaThread "main" [_thread_blocked, id=3368, stack(0x00000000023c0000,0x00000000024c0000)]

Other Threads:
  0x0000000015d9d000 VMThread [stack: 0x0000000016820000,0x0000000016920000] [id=7616]
  0x0000000015dee800 WatcherThread [stack: 0x0000000017130000,0x0000000017230000] [id=7464]

VM state:not at safepoint (normal execution)

VM Mutex/Monitor currently owned by a thread: None

Heap:
 PSYoungGen      total 468480K, used 275679K [0x00000000e0000000, 0x00000000ffa80000, 0x0000000100000000)
  eden space 423424K, 61% used [0x00000000e0000000,0x00000000efcb93b0,0x00000000f9d80000)
  from space 45056K, 37% used [0x00000000fce80000,0x00000000fdefea50,0x00000000ffa80000)
  to   space 47616K, 0% used [0x00000000f9d80000,0x00000000f9d80000,0x00000000fcc00000)
 ParOldGen       total 221184K, used 116906K [0x00000000a0000000, 0x00000000ad800000, 0x00000000e0000000)
  object space 221184K, 52% used [0x00000000a0000000,0x00000000a722a8f8,0x00000000ad800000)
 Metaspace       used 177512K, capacity 191212K, committed 191448K, reserved 1216512K
  class space    used 22553K, capacity 25274K, committed 25344K, reserved 1048576K

Card table byte_map: [0x0000000011a80000,0x0000000011d90000] byte_map_base: 0x0000000011580000

Marking Bits: (ParMarkBitMap*) 0x000000005d094970
 Begin Bits: [0x0000000012190000, 0x0000000013990000)
 End Bits:   [0x0000000013990000, 0x0000000015190000)

Polling page: 0x0000000000b80000

CodeCache: size=245760Kb used=90551Kb max_used=90551Kb free=155208Kb
 bounds [0x00000000026c0000, 0x0000000007fb0000, 0x00000000116c0000]
 total_blobs=27248 nmethods=26353 adapters=806
 compilation: enabled

Compilation events (10 events):
Event: 10014.572 Thread 0x0000000015deb800 33526       3       com.sun.tools.javac.util.ArrayUtils::calculateNewLength (16 bytes)
Event: 10014.572 Thread 0x0000000015deb800 nmethod 33526 0x0000000007fabdd0 code [0x0000000007fabf40, 0x0000000007fac130]
Event: 10014.573 Thread 0x0000000015deb800 33527       3       com.sun.tools.javac.jvm.Pool$Variable::equals (73 bytes)
Event: 10014.574 Thread 0x0000000015deb800 nmethod 33527 0x0000000007fac1d0 code [0x0000000007fac3c0, 0x0000000007fad0a8]
Event: 10014.574 Thread 0x0000000015deb800 33528       3       com.sun.tools.javac.jvm.Items$MemberItem::load (40 bytes)
Event: 10014.575 Thread 0x0000000015deb800 nmethod 33528 0x0000000007fad510 code [0x0000000007fad6a0, 0x0000000007fad8f8]
Event: 10014.779 Thread 0x0000000015deb800 33529       1       com.sun.tools.javac.jvm.Items$Item::drop (1 bytes)
Event: 10014.779 Thread 0x0000000015deb800 nmethod 33529 0x0000000007f8c790 code [0x0000000007f8c8e0, 0x0000000007f8c9f0]
Event: 10014.831 Thread 0x0000000015deb800 33530       3       com.sun.tools.javac.tree.TreeScanner::visitNewArray (68 bytes)
Event: 10014.832 Thread 0x0000000015deb800 nmethod 33530 0x0000000007fadad0 code [0x0000000007fadce0, 0x0000000007fae7c8]

GC Heap History (10 events):
Event: 8684.474 GC heap before
{Heap before GC invocations=41 (full 5):
 PSYoungGen      total 323584K, used 323559K [0x00000000e0000000, 0x00000000fad00000, 0x0000000100000000)
  eden space 288256K, 100% used [0x00000000e0000000,0x00000000f1980000,0x00000000f1980000)
  from space 35328K, 99% used [0x00000000f1980000,0x00000000f3bf9dd8,0x00000000f3c00000)
  to   space 48640K, 0% used [0x00000000f7d80000,0x00000000f7d80000,0x00000000fad00000)
 ParOldGen       total 221184K, used 97317K [0x00000000a0000000, 0x00000000ad800000, 0x00000000e0000000)
  object space 221184K, 43% used [0x00000000a0000000,0x00000000a5f09438,0x00000000ad800000)
 Metaspace       used 165766K, capacity 177740K, committed 177880K, reserved 1204224K
  class space    used 21080K, capacity 23488K, committed 23552K, reserved 1048576K
Event: 8684.573 GC heap after
Heap after GC invocations=41 (full 5):
 PSYoungGen      total 382464K, used 27476K [0x00000000e0000000, 0x00000000fa980000, 0x0000000100000000)
  eden space 337408K, 0% used [0x00000000e0000000,0x00000000e0000000,0x00000000f4980000)
  from space 45056K, 60% used [0x00000000f7d80000,0x00000000f98551e8,0x00000000fa980000)
  to   space 49152K, 0% used [0x00000000f4980000,0x00000000f4980000,0x00000000f7980000)
 ParOldGen       total 221184K, used 97381K [0x00000000a0000000, 0x00000000ad800000, 0x00000000e0000000)
  object space 221184K, 44% used [0x00000000a0000000,0x00000000a5f19438,0x00000000ad800000)
 Metaspace       used 165766K, capacity 177740K, committed 177880K, reserved 1204224K
  class space    used 21080K, capacity 23488K, committed 23552K, reserved 1048576K
}
Event: 8690.723 GC heap before
{Heap before GC invocations=42 (full 5):
 PSYoungGen      total 382464K, used 364430K [0x00000000e0000000, 0x00000000fa980000, 0x0000000100000000)
  eden space 337408K, 99% used [0x00000000e0000000,0x00000000f490e9e0,0x00000000f4980000)
  from space 45056K, 60% used [0x00000000f7d80000,0x00000000f98551e8,0x00000000fa980000)
  to   space 49152K, 0% used [0x00000000f4980000,0x00000000f4980000,0x00000000f7980000)
 ParOldGen       total 221184K, used 97381K [0x00000000a0000000, 0x00000000ad800000, 0x00000000e0000000)
  object space 221184K, 44% used [0x00000000a0000000,0x00000000a5f19438,0x00000000ad800000)
 Metaspace       used 166829K, capacity 178924K, committed 179032K, reserved 1204224K
  class space    used 21217K, capacity 23634K, committed 23680K, reserved 1048576K
Event: 8690.783 GC heap after
Heap after GC invocations=42 (full 5):
 PSYoungGen      total 386560K, used 27291K [0x00000000e0000000, 0x00000000fe180000, 0x0000000100000000)
  eden space 337408K, 0% used [0x00000000e0000000,0x00000000e0000000,0x00000000f4980000)
  from space 49152K, 55% used [0x00000000f4980000,0x00000000f6426d10,0x00000000f7980000)
  to   space 49152K, 0% used [0x00000000fb180000,0x00000000fb180000,0x00000000fe180000)
 ParOldGen       total 221184K, used 97697K [0x00000000a0000000, 0x00000000ad800000, 0x00000000e0000000)
  object space 221184K, 44% used [0x00000000a0000000,0x00000000a5f68468,0x00000000ad800000)
 Metaspace       used 166829K, capacity 178924K, committed 179032K, reserved 1204224K
  class space    used 21217K, capacity 23634K, committed 23680K, reserved 1048576K
}
Event: 8700.997 GC heap before
{Heap before GC invocations=43 (full 5):
 PSYoungGen      total 386560K, used 364699K [0x00000000e0000000, 0x00000000fe180000, 0x0000000100000000)
  eden space 337408K, 100% used [0x00000000e0000000,0x00000000f4980000,0x00000000f4980000)
  from space 49152K, 55% used [0x00000000f4980000,0x00000000f6426d10,0x00000000f7980000)
  to   space 49152K, 0% used [0x00000000fb180000,0x00000000fb180000,0x00000000fe180000)
 ParOldGen       total 221184K, used 97697K [0x00000000a0000000, 0x00000000ad800000, 0x00000000e0000000)
  object space 221184K, 44% used [0x00000000a0000000,0x00000000a5f68468,0x00000000ad800000)
 Metaspace       used 175963K, capacity 188680K, committed 188760K, reserved 1212416K
  class space    used 22375K, capacity 24898K, committed 24960K, reserved 1048576K
Event: 8701.119 GC heap after
Heap after GC invocations=43 (full 5):
 PSYoungGen      total 441856K, used 33050K [0x00000000e0000000, 0x00000000fe600000, 0x0000000100000000)
  eden space 392704K, 0% used [0x00000000e0000000,0x00000000e0000000,0x00000000f7f80000)
  from space 49152K, 67% used [0x00000000fb180000,0x00000000fd1c6b68,0x00000000fe180000)
  to   space 51200K, 0% used [0x00000000f7f80000,0x00000000f7f80000,0x00000000fb180000)
 ParOldGen       total 221184K, used 98931K [0x00000000a0000000, 0x00000000ad800000, 0x00000000e0000000)
  object space 221184K, 44% used [0x00000000a0000000,0x00000000a609ce08,0x00000000ad800000)
 Metaspace       used 175963K, capacity 188680K, committed 188760K, reserved 1212416K
  class space    used 22375K, capacity 24898K, committed 24960K, reserved 1048576K
}
Event: 8963.110 GC heap before
{Heap before GC invocations=44 (full 5):
 PSYoungGen      total 441856K, used 425754K [0x00000000e0000000, 0x00000000fe600000, 0x0000000100000000)
  eden space 392704K, 100% used [0x00000000e0000000,0x00000000f7f80000,0x00000000f7f80000)
  from space 49152K, 67% used [0x00000000fb180000,0x00000000fd1c6b68,0x00000000fe180000)
  to   space 51200K, 0% used [0x00000000f7f80000,0x00000000f7f80000,0x00000000fb180000)
 ParOldGen       total 221184K, used 98931K [0x00000000a0000000, 0x00000000ad800000, 0x00000000e0000000)
  object space 221184K, 44% used [0x00000000a0000000,0x00000000a609ce08,0x00000000ad800000)
 Metaspace       used 176756K, capacity 189946K, committed 190168K, reserved 1214464K
  class space    used 22457K, capacity 25071K, committed 25088K, reserved 1048576K
Event: 8963.515 GC heap after
Heap after GC invocations=44 (full 5):
 PSYoungGen      total 443904K, used 11468K [0x00000000e0000000, 0x00000000fff00000, 0x0000000100000000)
  eden space 392704K, 0% used [0x00000000e0000000,0x00000000e0000000,0x00000000f7f80000)
  from space 51200K, 22% used [0x00000000f7f80000,0x00000000f8ab3320,0x00000000fb180000)
  to   space 49664K, 0% used [0x00000000fce80000,0x00000000fce80000,0x00000000fff00000)
 ParOldGen       total 221184K, used 115446K [0x00000000a0000000, 0x00000000ad800000, 0x00000000e0000000)
  object space 221184K, 52% used [0x00000000a0000000,0x00000000a70bd888,0x00000000ad800000)
 Metaspace       used 176756K, capacity 189946K, committed 190168K, reserved 1214464K
  class space    used 22457K, capacity 25071K, committed 25088K, reserved 1048576K
}
Event: 9980.549 GC heap before
{Heap before GC invocations=45 (full 5):
 PSYoungGen      total 443904K, used 404172K [0x00000000e0000000, 0x00000000fff00000, 0x0000000100000000)
  eden space 392704K, 100% used [0x00000000e0000000,0x00000000f7f80000,0x00000000f7f80000)
  from space 51200K, 22% used [0x00000000f7f80000,0x00000000f8ab3320,0x00000000fb180000)
  to   space 49664K, 0% used [0x00000000fce80000,0x00000000fce80000,0x00000000fff00000)
 ParOldGen       total 221184K, used 115446K [0x00000000a0000000, 0x00000000ad800000, 0x00000000e0000000)
  object space 221184K, 52% used [0x00000000a0000000,0x00000000a70bd888,0x00000000ad800000)
 Metaspace       used 177157K, capacity 190718K, committed 190808K, reserved 1214464K
  class space    used 22508K, capacity 25205K, committed 25216K, reserved 1048576K
Event: 9980.634 GC heap after
Heap after GC invocations=45 (full 5):
 PSYoungGen      total 468480K, used 16890K [0x00000000e0000000, 0x00000000ffa80000, 0x0000000100000000)
  eden space 423424K, 0% used [0x00000000e0000000,0x00000000e0000000,0x00000000f9d80000)
  from space 45056K, 37% used [0x00000000fce80000,0x00000000fdefea50,0x00000000ffa80000)
  to   space 47616K, 0% used [0x00000000f9d80000,0x00000000f9d80000,0x00000000fcc00000)
 ParOldGen       total 221184K, used 116906K [0x00000000a0000000, 0x00000000ad800000, 0x00000000e0000000)
  object space 221184K, 52% used [0x00000000a0000000,0x00000000a722a8f8,0x00000000ad800000)
 Metaspace       used 177157K, capacity 190718K, committed 190808K, reserved 1214464K
  class space    used 22508K, capacity 25205K, committed 25216K, reserved 1048576K
}

Deoptimization events (10 events):
Event: 9990.643 Thread 0x0000000026b36800 Uncommon trap: reason=bimorphic action=maybe_recompile pc=0x0000000004bbbb1c method=org.gradle.internal.logging.text.AbstractStyledTextOutput.text(Ljava/lang/Object;)Lorg/gradle/internal/logging/text/StyledTextOutput; @ 11
Event: 9990.650 Thread 0x0000000026b36800 Uncommon trap: reason=unloaded action=reinterpret pc=0x0000000007dc8b68 method=org.gradle.internal.work.DefaultWorkerLeaseService.withLocks(Ljava/lang/Iterable;Ljava/util/concurrent/Callable;)Ljava/lang/Object; @ 28
Event: 9990.651 Thread 0x0000000026b36800 Uncommon trap: reason=unstable_if action=reinterpret pc=0x000000000545e0d0 method=org.gradle.internal.progress.DefaultBuildOperationExecutor.execute(Lorg/gradle/internal/operations/BuildOperation;Lorg/gradle/internal/operations/BuildOperationWorker;Lorg/g
Event: 9990.738 Thread 0x0000000026b32800 Uncommon trap: reason=class_check action=maybe_recompile pc=0x0000000004a77a68 method=java.io.ObjectOutputStream.writeObject0(Ljava/lang/Object;Z)V @ 240
Event: 9990.738 Thread 0x0000000026b32800 Uncommon trap: reason=unstable_if action=reinterpret pc=0x00000000064afefc method=org.gradle.internal.serialize.ExceptionReplacingObjectOutputStream.doReplaceObject(Ljava/lang/Object;)Ljava/lang/Object; @ 4
Event: 9990.811 Thread 0x0000000026b32800 Uncommon trap: reason=class_check action=maybe_recompile pc=0x0000000004a77a68 method=java.io.ObjectOutputStream.writeObject0(Ljava/lang/Object;Z)V @ 240
Event: 9990.839 Thread 0x0000000026b32800 Uncommon trap: reason=class_check action=maybe_recompile pc=0x0000000004a77a68 method=java.io.ObjectOutputStream.writeObject0(Ljava/lang/Object;Z)V @ 240
Event: 9990.840 Thread 0x0000000026b32800 Uncommon trap: reason=class_check action=maybe_recompile pc=0x0000000004a77a68 method=java.io.ObjectOutputStream.writeObject0(Ljava/lang/Object;Z)V @ 240
Event: 9990.844 Thread 0x0000000026b32800 Uncommon trap: reason=unstable_if action=reinterpret pc=0x00000000030176a8 method=java.io.ObjectStreamClass.hasWriteReplaceMethod()Z @ 8
Event: 10012.401 Thread 0x0000000026b36800 Uncommon trap: reason=bimorphic action=maybe_recompile pc=0x0000000004df078c method=com.sun.org.apache.xerces.internal.dom.ElementImpl.getAttributes()Lorg/w3c/dom/NamedNodeMap; @ 8

Classes redefined (0 events):
No events

Internal exceptions (10 events):
Event: 9990.226 Thread 0x0000000023ec4000 Exception <a 'java/lang/NoSuchMethodError': <clinit>> (0x00000000e57e8e08) thrown at [D:\src\AOSP-openjdk-cygwin\jdk8u\hotspot\src\share\vm\prims\jni.cpp, line 1613]
Event: 9990.811 Thread 0x0000000026b32800 Exception <a 'java/lang/NoSuchMethodError': <clinit>> (0x00000000e5aed318) thrown at [D:\src\AOSP-openjdk-cygwin\jdk8u\hotspot\src\share\vm\prims\jni.cpp, line 1613]
Event: 9990.840 Thread 0x0000000026b32800 Exception <a 'java/lang/NoSuchMethodError': <clinit>> (0x00000000e5b0a268) thrown at [D:\src\AOSP-openjdk-cygwin\jdk8u\hotspot\src\share\vm\prims\jni.cpp, line 1613]
Event: 9990.844 Thread 0x0000000026b32800 Exception <a 'java/lang/NoSuchMethodError': <clinit>> (0x00000000e5b2c148) thrown at [D:\src\AOSP-openjdk-cygwin\jdk8u\hotspot\src\share\vm\prims\jni.cpp, line 1613]
Event: 9990.844 Thread 0x0000000026b32800 Exception <a 'java/lang/NoSuchMethodError': <clinit>> (0x00000000e5b31cb0) thrown at [D:\src\AOSP-openjdk-cygwin\jdk8u\hotspot\src\share\vm\prims\jni.cpp, line 1613]
Event: 9990.847 Thread 0x0000000026b32800 Exception <a 'java/lang/NoSuchMethodError': <clinit>> (0x00000000e5b450f8) thrown at [D:\src\AOSP-openjdk-cygwin\jdk8u\hotspot\src\share\vm\prims\jni.cpp, line 1613]
Event: 9990.867 Thread 0x0000000026b32800 Exception <a 'java/lang/NoSuchMethodError': <clinit>> (0x00000000e5b6df80) thrown at [D:\src\AOSP-openjdk-cygwin\jdk8u\hotspot\src\share\vm\prims\jni.cpp, line 1613]
Event: 10011.362 Thread 0x0000000026b36800 Exception <a 'java/lang/ClassNotFoundException': sync_local_repo5188_desx0aa7m56k59qr0zftprs6hBeanInfo> (0x00000000e6027b10) thrown at [D:\src\AOSP-openjdk-cygwin\jdk8u\hotspot\src\share\vm\classfile\systemDictionary.cpp, line 210]
Event: 10011.363 Thread 0x0000000026b36800 Exception <a 'java/lang/ClassNotFoundException': sync_local_repo5188_desx0aa7m56k59qr0zftprs6hCustomizer> (0x00000000e6033130) thrown at [D:\src\AOSP-openjdk-cygwin\jdk8u\hotspot\src\share\vm\classfile\systemDictionary.cpp, line 210]
Event: 10012.178 Thread 0x0000000026b36800 Exception <a 'sun/nio/fs/WindowsException'> (0x00000000ea22a1b0) thrown at [D:\src\AOSP-openjdk-cygwin\jdk8u\hotspot\src\share\vm\prims\jni.cpp, line 709]

Events (10 events):
Event: 10013.931 Executing VM operation: RevokeBias done
Event: 10013.931 Executing VM operation: RevokeBias
Event: 10013.931 Executing VM operation: RevokeBias done
Event: 10013.931 Executing VM operation: RevokeBias
Event: 10013.932 Executing VM operation: RevokeBias done
Event: 10013.967 Thread 0x0000000023ec9000 Thread added: 0x0000000023ec9000
Event: 10014.372 Thread 0x0000000023eca800 DEOPT PACKING pc=0x0000000007645f73 sp=0x000000002126bd60
Event: 10014.372 Thread 0x0000000023eca800 DEOPT UNPACKING pc=0x00000000027071d0 sp=0x000000002126bc80 mode 0
Event: 10014.831 Thread 0x0000000023eca800 DEOPT PACKING pc=0x0000000006180e0d sp=0x000000002126bce0
Event: 10014.831 Thread 0x0000000023eca800 DEOPT UNPACKING pc=0x00000000027071d0 sp=0x000000002126b9f8 mode 0


Dynamic libraries:
0x00007ff7b7420000 - 0x00007ff7b7451000 	C:\Program Files\Android\Android Studio\jre\bin\java.exe
0x00007ff848620000 - 0x00007ff8487cd000 	C:\Windows\SYSTEM32\ntdll.dll
0x00007ff846c00000 - 0x00007ff846d3e000 	C:\Windows\system32\KERNEL32.DLL
0x00007ff845850000 - 0x00007ff845966000 	C:\Windows\system32\KERNELBASE.dll
0x00007ff846590000 - 0x00007ff84663a000 	C:\Windows\system32\ADVAPI32.dll
0x00007ff8466a0000 - 0x00007ff846817000 	C:\Windows\system32\USER32.dll
0x00007ff843500000 - 0x00007ff84377b000 	C:\Windows\WinSxS\amd64_microsoft.windows.common-controls_6595b64144ccf1df_6.0.9600.18006_none_623f33d3ecbe86e8\COMCTL32.dll
0x00007ff8464e0000 - 0x00007ff84658a000 	C:\Windows\system32\msvcrt.dll
0x00007ff8482d0000 - 0x00007ff848329000 	C:\Windows\SYSTEM32\sechost.dll
0x00007ff845ee0000 - 0x00007ff846020000 	C:\Windows\system32\RPCRT4.dll
0x00007ff846820000 - 0x00007ff84696b000 	C:\Windows\system32\GDI32.dll
0x00007ff845820000 - 0x00007ff84584e000 	C:\Windows\system32\SspiCli.dll
0x00007ff846970000 - 0x00007ff8469a6000 	C:\Windows\system32\IMM32.DLL
0x00007ff8462a0000 - 0x00007ff8463f1000 	C:\Windows\system32\MSCTF.dll
0x000000005e080000 - 0x000000005e152000 	C:\Program Files\Android\Android Studio\jre\jre\bin\msvcr100.dll
0x000000005c8d0000 - 0x000000005d10f000 	C:\Program Files\Android\Android Studio\jre\jre\bin\server\jvm.dll
0x00007ff840880000 - 0x00007ff840889000 	C:\Windows\SYSTEM32\WSOCK32.dll
0x00007ff83ce70000 - 0x00007ff83ce92000 	C:\Windows\SYSTEM32\WINMM.dll
0x00007ff83cea0000 - 0x00007ff83ceaa000 	C:\Windows\SYSTEM32\VERSION.dll
0x00007ff846280000 - 0x00007ff846287000 	C:\Windows\system32\PSAPI.DLL
0x00007ff846d40000 - 0x00007ff846d9a000 	C:\Windows\system32\WS2_32.dll
0x00007ff83ce40000 - 0x00007ff83ce6a000 	C:\Windows\SYSTEM32\WINMMBASE.dll
0x00007ff845cb0000 - 0x00007ff845cb9000 	C:\Windows\system32\NSI.dll
0x00007ff845c00000 - 0x00007ff845c4f000 	C:\Windows\SYSTEM32\cfgmgr32.dll
0x00007ff844570000 - 0x00007ff844598000 	C:\Windows\SYSTEM32\DEVOBJ.dll
0x00007ff81d290000 - 0x00007ff81d29f000 	C:\Program Files\Android\Android Studio\jre\jre\bin\verify.dll
0x00007ff81d260000 - 0x00007ff81d289000 	C:\Program Files\Android\Android Studio\jre\jre\bin\java.dll
0x00007ff81d240000 - 0x00007ff81d256000 	C:\Program Files\Android\Android Studio\jre\jre\bin\zip.dll
0x00007ff846da0000 - 0x00007ff8482cc000 	C:\Windows\system32\SHELL32.dll
0x00007ff848330000 - 0x00007ff848542000 	C:\Windows\SYSTEM32\combase.dll
0x00007ff846640000 - 0x00007ff846694000 	C:\Windows\system32\SHLWAPI.dll
0x00007ff843ce0000 - 0x00007ff843d92000 	C:\Windows\SYSTEM32\SHCORE.dll
0x00007ff845750000 - 0x00007ff845765000 	C:\Windows\SYSTEM32\profapi.dll
0x00007ff81d220000 - 0x00007ff81d23a000 	C:\Program Files\Android\Android Studio\jre\jre\bin\net.dll
0x00007ff844fe0000 - 0x00007ff845039000 	C:\Windows\system32\mswsock.dll
0x00007ff81d200000 - 0x00007ff81d211000 	C:\Program Files\Android\Android Studio\jre\jre\bin\nio.dll
0x00007ff837fd0000 - 0x00007ff837fee000 	C:\Users\Verena\.gradle\native\25\windows-amd64\native-platform.dll
0x00007ff829520000 - 0x00007ff82952d000 	C:\Program Files\Android\Android Studio\jre\jre\bin\management.dll
0x00007ff845040000 - 0x00007ff845060000 	C:\Windows\SYSTEM32\CRYPTSP.dll
0x00007ff844c00000 - 0x00007ff844c36000 	C:\Windows\system32\rsaenh.dll
0x00007ff8452b0000 - 0x00007ff8452d6000 	C:\Windows\SYSTEM32\bcrypt.dll
0x00007ff844d70000 - 0x00007ff844d91000 	C:\Windows\SYSTEM32\USERENV.dll
0x00007ff8455b0000 - 0x00007ff845613000 	C:\Windows\system32\bcryptprimitives.dll
0x00007ff845620000 - 0x00007ff84562b000 	C:\Windows\SYSTEM32\CRYPTBASE.dll
0x00007ff83f7a0000 - 0x00007ff83f7ca000 	C:\Windows\SYSTEM32\IPHLPAPI.DLL
0x00007ff83f790000 - 0x00007ff83f79a000 	C:\Windows\SYSTEM32\WINNSI.DLL
0x00007ff83e4b0000 - 0x00007ff83e4c6000 	C:\Windows\SYSTEM32\dhcpcsvc6.DLL
0x00007ff83e7b0000 - 0x00007ff83e7ca000 	C:\Windows\SYSTEM32\dhcpcsvc.DLL
0x00007ff83fba0000 - 0x00007ff83fbd2000 	C:\Windows\SYSTEM32\ntmarta.dll
0x00007ff828850000 - 0x00007ff828874000 	C:\Program Files\Android\Android Studio\jre\jre\bin\sunec.dll
0x00007ff844de0000 - 0x00007ff844e84000 	C:\Windows\SYSTEM32\DNSAPI.dll
0x00007ff833230000 - 0x00007ff83323a000 	C:\Windows\System32\rasadhlp.dll
0x00007ff83d2a0000 - 0x00007ff83d30b000 	C:\Windows\System32\fwpuclnt.dll
0x00007ff83eac0000 - 0x00007ff83eacb000 	C:\Program Files\Android\Android Studio\jre\jre\bin\sunmscapi.dll
0x00007ff845970000 - 0x00007ff845b4f000 	C:\Windows\system32\CRYPT32.dll
0x00007ff845800000 - 0x00007ff845811000 	C:\Windows\system32\MSASN1.dll
0x00007ff833740000 - 0x00007ff8338c9000 	C:\Windows\SYSTEM32\dbghelp.dll

VM Arguments:
jvm_args: -Xmx1536m -Dfile.encoding=windows-1252 -Duser.country=AT -Duser.language=de -Duser.variant 
java_command: org.gradle.launcher.daemon.bootstrap.GradleDaemon 4.4
java_class_path (initial): C:\Users\Verena\.gradle\wrapper\dists\gradle-4.4-all\9br9xq1tocpiv8o6njlyu5op1\gradle-4.4\lib\gradle-launcher-4.4.jar
Launcher Type: SUN_STANDARD

Environment Variables:
PATH=C:\Program Files (x86)\Common Files\Intel\Shared Libraries\redist\intel64\compiler;C:\ProgramData\Oracle\Java\javapath;C:\Program Files (x86)\Intel\iCLS Client\;C:\Program Files\Intel\iCLS Client\;C:\Windows\system32;C:\Windows;C:\Windows\System32\Wbem;C:\Windows\System32\WindowsPowerShell\v1.0\;C:\Program Files\Intel\Intel(R) Management Engine Components\DAL;C:\Program Files (x86)\Intel\Intel(R) Management Engine Components\DAL;C:\Program Files\Intel\Intel(R) Management Engine Components\IPT;C:\Program Files (x86)\Intel\Intel(R) Management Engine Components\IPT;C:\Program Files\Intel\WiFi\bin\;C:\Program Files\Common Files\Intel\WirelessCommon\;C:\HashiCorp\Vagrant\bin;C:\Winprogs\xampp\php;C:\ProgramData\ComposerSetup\bin;C:\Program Files (x86)\GtkSharp\2.12\bin;C:\Program Files\dotnet\;C:\Program Files\Intel\WiFi\bin\;C:\Program Files\Common Files\Intel\WirelessCommon\;C:\Users\Verena\AppData\Local\GitHubDesktop\bin;C:\Users\Verena\AppData\Roaming\Composer\vendor\bin;C:\Users\Verena\AppData\Local\Programs\MiKTeX 2.9\miktex\bin\x64\
USERNAME=Verena
OS=Windows_NT
PROCESSOR_IDENTIFIER=Intel64 Family 6 Model 61 Stepping 4, GenuineIntel



---------------  S Y S T E M  ---------------

OS: Windows 8.1 , 64 bit Build 9600 (6.3.9600.17415)

CPU:total 2 (initial active 2) (2 cores per cpu, 1 threads per core) family 6 model 61 stepping 4, cmov, cx8, fxsr, mmx, sse, sse2, sse3, ssse3, sse4.1, sse4.2, popcnt, clmul, erms, 3dnowpref, lzcnt, tsc, tscinvbit

Memory: 4k page, physical 8305660k(1177536k free), swap 12244968k(2483324k free)

vm_info: OpenJDK 64-Bit Server VM (25.152-b02) for windows-amd64 JRE (1.8.0_152-release-1024-b02), built by "builder" with MS VC++ 10.0 (VS2010)

time: Wed Apr 25 13:43:28 2018
elapsed time: 10015 seconds (0d 2h 46m 55s)

