#
# A fatal error has been detected by the Java Runtime Environment:
#
#  EXCEPTION_ACCESS_VIOLATION (0xc0000005) at pc=0x000000006c57d3b0, pid=4576, tid=0x0000000000002510
#
# JRE version: OpenJDK Runtime Environment (8.0_152-b02) (build 1.8.0_152-release-1024-b02)
# Java VM: OpenJDK 64-Bit Server VM (25.152-b02 mixed mode windows-amd64 compressed oops)
# Problematic frame:
# V  [jvm.dll+0x46d3b0]
#
# Failed to write core dump. Minidumps are not enabled by default on client versions of Windows
#
# If you would like to submit a bug report, please visit:
#   http://bugreport.java.com/bugreport/crash.jsp
#

---------------  T H R E A D  ---------------

Current thread (0x0000000015865800):  JavaThread "C2 CompilerThread0" daemon [_thread_in_native, id=9488, stack(0x00000000168b0000,0x00000000169b0000)]

siginfo: ExceptionCode=0xc0000005, writing address 0x0000000000000000

Registers:
RAX=0x0000000000000000, RBX=0x000000002208ca50, RCX=0x00000000169abda0, RDX=0x0000000000204000
RSP=0x00000000169abd08, RBP=0x000000000000096e, RSI=0x00000000169ac0c0, RDI=0x0000000000000af6
R8 =0x0000000000004000, R9 =0x0000000017252b60, R10=0x000000006c110000, R11=0x00000000220becd0
R12=0x000000006c8d5090, R13=0x000000002684e040, R14=0x000000000006fc80, R15=0x000000006c110000
RIP=0x000000006c57d3b0, EFLAGS=0x0000000000010246

Top of Stack: (sp=0x00000000169abd08)
0x00000000169abd08:   000000006c5460ff 00000000169ac0e0
0x00000000169abd18:   0000000022082a50 000000000000096e
0x00000000169abd28:   00000000169ac0c0 00000fff00000000
0x00000000169abd38:   0000000000000008 0000000018462d40
0x00000000169abd48:   0000000000000013 000000001b2f2e48
0x00000000169abd58:   0000000000000013 00000000220beb90
0x00000000169abd68:   0000128400000000 0000000000000008
0x00000000169abd78:   000000001b2ea080 0000000000000013
0x00000000169abd88:   000000001a0542e8 0000000000000013
0x00000000169abd98:   000000002207d550 00000afb00000000
0x00000000169abda8:   0000000000000008 000000001b962ac0
0x00000000169abdb8:   000000000000000b 00000000186c9000
0x00000000169abdc8:   0000000000000013 00000000169ac0e0
0x00000000169abdd8:   0000000000000013 000000001d2dbf90
0x00000000169abde8:   00000000169ac0c0 000000000000096e
0x00000000169abdf8:   00000000220beb90 0000000000000ff8 

Instructions: (pc=0x000000006c57d3b0)
0x000000006c57d390:   bb 90 00 00 00 72 e9 48 8b 5c 24 40 48 83 c4 20
0x000000006c57d3a0:   5f c3 cc cc cc cc cc cc cc cc cc cc cc cc cc cc
0x000000006c57d3b0:   40 57 48 83 ec 20 48 63 51 08 48 8b f9 83 fa 08
0x000000006c57d3c0:   73 22 48 8b 41 10 48 8d 0c 90 66 0f 1f 44 00 00 


Register to memory mapping:

RAX=0x0000000000000000 is an unknown value
RBX=0x000000002208ca50 is an unknown value
RCX=0x00000000169abda0 is pointing into the stack for thread: 0x0000000015865800
RDX=0x0000000000204000 is an unknown value
RSP=0x00000000169abd08 is pointing into the stack for thread: 0x0000000015865800
RBP=0x000000000000096e is an unknown value
RSI=0x00000000169ac0c0 is pointing into the stack for thread: 0x0000000015865800
RDI=0x0000000000000af6 is an unknown value
R8 =0x0000000000004000 is an unknown value
R9 =0x0000000017252b60 is an unknown value
R10=0x000000006c110000 is an unknown value
R11=0x00000000220becd0 is an unknown value
R12=0x000000006c8d5090 is an unknown value
R13=0x000000002684e040 is an unknown value
R14=0x000000000006fc80 is an unknown value
R15=0x000000006c110000 is an unknown value


Stack: [0x00000000168b0000,0x00000000169b0000],  sp=0x00000000169abd08,  free space=1007k
Native frames: (J=compiled Java code, j=interpreted, Vv=VM code, C=native code)
V  [jvm.dll+0x46d3b0]
V  [jvm.dll+0x4360ff]
V  [jvm.dll+0x437bc8]
V  [jvm.dll+0x437db6]
V  [jvm.dll+0x435944]
V  [jvm.dll+0x434ae4]
V  [jvm.dll+0x43f76b]
V  [jvm.dll+0x44203e]
V  [jvm.dll+0x4250b2]
V  [jvm.dll+0x814c8]
V  [jvm.dll+0x81dff]
V  [jvm.dll+0x21d2df]
V  [jvm.dll+0x26d7ea]
C  [msvcr100.dll+0x21d9f]
C  [msvcr100.dll+0x21e3b]
C  [KERNEL32.DLL+0x13d2]
C  [ntdll.dll+0x154f4]


Current CompileTask:
C2:12986881 30684       4       org.gradle.api.internal.tasks.compile.incremental.deps.ClassSetAnalysisData$Serializer::write (563 bytes)


---------------  P R O C E S S  ---------------

Java Threads: ( => current thread )
  0x000000001a397800 JavaThread "Cache worker for Java compile cache (C:\Users\Verena\Documents\Verena\FH\4.SEM\PRO4\PRo4\SmartBarbell\.gradle\4.4\javaCompile)" [_thread_blocked, id=13440, stack(0x0000000025080000,0x0000000025180000)]
  0x000000001a392000 JavaThread "Task worker for ':'" [_thread_blocked, id=344, stack(0x0000000024c80000,0x0000000024d80000)]
  0x000000001a394800 JavaThread "Cache worker for Build Output Cleanup Cache (C:\Users\Verena\Documents\Verena\FH\4.SEM\PRO4\PRo4\SmartBarbell\.gradle\buildOutputCleanup)" [_thread_blocked, id=12620, stack(0x0000000022790000,0x0000000022890000)]
  0x000000001a391800 JavaThread "Cache worker for task history cache (C:\Users\Verena\Documents\Verena\FH\4.SEM\PRO4\PRo4\SmartBarbell\.gradle\4.4\taskHistory)" [_thread_blocked, id=10436, stack(0x00000000210b0000,0x00000000211b0000)]
  0x0000000021c9b800 JavaThread "Cache worker for file content cache (C:\Users\Verena\Documents\Verena\FH\4.SEM\PRO4\PRo4\SmartBarbell\.gradle\4.4\fileContent)" [_thread_blocked, id=9188, stack(0x000000001fdb0000,0x000000001feb0000)]
  0x0000000021c9b000 JavaThread "build operations Thread 2" [_thread_blocked, id=8796, stack(0x000000001f6b0000,0x000000001f7b0000)]
  0x0000000021c96800 JavaThread "build operations" [_thread_blocked, id=5140, stack(0x000000001f4b0000,0x000000001f5b0000)]
  0x0000000021c98800 JavaThread "Cache worker for Artifact transforms cache (C:\Users\Verena\.gradle\caches\transforms-1)" [_thread_blocked, id=12780, stack(0x000000001af40000,0x000000001b040000)]
  0x0000000021c98000 JavaThread "Cache worker for file hash cache (C:\Users\Verena\Documents\Verena\FH\4.SEM\PRO4\PRo4\SmartBarbell\.gradle\4.4\fileHashes)" [_thread_blocked, id=8248, stack(0x000000001ac40000,0x000000001ad40000)]
  0x0000000021c95000 JavaThread "Stdin handler" [_thread_blocked, id=9868, stack(0x0000000019770000,0x0000000019870000)]
  0x0000000021c97000 JavaThread "Asynchronous log dispatcher for DefaultDaemonConnection: socket connection from /127.0.0.1:58133 to /127.0.0.1:60385" [_thread_blocked, id=13556, stack(0x0000000019670000,0x0000000019770000)]
  0x0000000021c92800 JavaThread "Daemon worker Thread 22" [_thread_in_native, id=13476, stack(0x0000000019570000,0x0000000019670000)]
  0x0000000021c94000 JavaThread "Cancel handler" [_thread_blocked, id=13512, stack(0x0000000019470000,0x0000000019570000)]
  0x0000000021c8f000 JavaThread "Handler for socket connection from /127.0.0.1:58133 to /127.0.0.1:60385" [_thread_in_native, id=5564, stack(0x0000000019170000,0x0000000019270000)]
  0x0000000021c8e000 JavaThread "Daemon Thread 22" [_thread_blocked, id=7324, stack(0x0000000019070000,0x0000000019170000)]
  0x0000000021c99800 JavaThread "pool-51-thread-1" [_thread_blocked, id=11344, stack(0x0000000024d80000,0x0000000024e80000)]
  0x000000001a044000 JavaThread "Memory manager" [_thread_blocked, id=6332, stack(0x000000001e560000,0x000000001e660000)]
  0x0000000018160000 JavaThread "File lock request listener" [_thread_in_native, id=2612, stack(0x0000000019b70000,0x0000000019c70000)]
  0x000000001815f800 JavaThread "Cache worker for file hash cache (C:\Users\Verena\.gradle\caches\4.4\fileHashes)" [_thread_blocked, id=13232, stack(0x0000000019a70000,0x0000000019b70000)]
  0x0000000016e96000 JavaThread "Daemon periodic checks" [_thread_blocked, id=11308, stack(0x0000000018f70000,0x0000000019070000)]
  0x0000000016e9a000 JavaThread "Incoming local TCP Connector on port 58133" [_thread_in_native, id=3316, stack(0x0000000018d60000,0x0000000018e60000)]
  0x00000000158df800 JavaThread "Service Thread" daemon [_thread_blocked, id=8624, stack(0x0000000016ab0000,0x0000000016bb0000)]
  0x000000001586c800 JavaThread "C1 CompilerThread1" daemon [_thread_blocked, id=13304, stack(0x00000000169b0000,0x0000000016ab0000)]
=>0x0000000015865800 JavaThread "C2 CompilerThread0" daemon [_thread_in_native, id=9488, stack(0x00000000168b0000,0x00000000169b0000)]
  0x0000000015863000 JavaThread "Attach Listener" daemon [_thread_blocked, id=5652, stack(0x00000000167b0000,0x00000000168b0000)]
  0x000000001586f800 JavaThread "Signal Dispatcher" daemon [_thread_blocked, id=8020, stack(0x00000000166b0000,0x00000000167b0000)]
  0x000000001584f000 JavaThread "Finalizer" daemon [_thread_blocked, id=6060, stack(0x00000000164a0000,0x00000000165a0000)]
  0x0000000015825000 JavaThread "Reference Handler" daemon [_thread_blocked, id=1336, stack(0x00000000163a0000,0x00000000164a0000)]
  0x0000000001e8e000 JavaThread "main" [_thread_blocked, id=8252, stack(0x0000000001f40000,0x0000000002040000)]

Other Threads:
  0x000000001581d800 VMThread [stack: 0x00000000162a0000,0x00000000163a0000] [id=6008]
  0x00000000158e2000 WatcherThread [stack: 0x0000000016bb0000,0x0000000016cb0000] [id=1684]

VM state:not at safepoint (normal execution)

VM Mutex/Monitor currently owned by a thread: None

Heap:
 PSYoungGen      total 421376K, used 173824K [0x00000000e0000000, 0x00000000fd980000, 0x0000000100000000)
  eden space 415232K, 40% used [0x00000000e0000000,0x00000000ea3d78b8,0x00000000f9580000)
  from space 6144K, 98% used [0x00000000fb480000,0x00000000fba688d0,0x00000000fba80000)
  to   space 24576K, 0% used [0x00000000fc180000,0x00000000fc180000,0x00000000fd980000)
 ParOldGen       total 203776K, used 89246K [0x00000000a0000000, 0x00000000ac700000, 0x00000000e0000000)
  object space 203776K, 43% used [0x00000000a0000000,0x00000000a5727a88,0x00000000ac700000)
 Metaspace       used 114659K, capacity 124698K, committed 124800K, reserved 1157120K
  class space    used 14443K, capacity 16755K, committed 16768K, reserved 1048576K

Card table byte_map: [0x0000000011500000,0x0000000011810000] byte_map_base: 0x0000000011000000

Marking Bits: (ParMarkBitMap*) 0x000000006c8d4970
 Begin Bits: [0x0000000011c10000, 0x0000000013410000)
 End Bits:   [0x0000000013410000, 0x0000000014c10000)

Polling page: 0x0000000001e10000

CodeCache: size=245760Kb used=85707Kb max_used=85707Kb free=160052Kb
 bounds [0x0000000002140000, 0x0000000007580000, 0x0000000011140000]
 total_blobs=23451 nmethods=22552 adapters=810
 compilation: enabled

Compilation events (10 events):
Event: 12984.818 Thread 0x0000000015865800 nmethod 30682 0x0000000004a5bc50 code [0x0000000004a5bd80, 0x0000000004a5be18]
Event: 12984.936 Thread 0x000000001586c800 30683       3       org.objectweb.asm.ClassReader::readLong (29 bytes)
Event: 12984.937 Thread 0x000000001586c800 nmethod 30683 0x0000000003702c50 code [0x0000000003702dc0, 0x0000000003702fd8]
Event: 12984.964 Thread 0x0000000015865800 30684       4       org.gradle.api.internal.tasks.compile.incremental.deps.ClassSetAnalysisData$Serializer::write (563 bytes)
Event: 12984.964 Thread 0x000000001586c800 30685       3       org.gradle.cache.internal.btree.FreeListBlockStore$FreeListEntry::compareTo (9 bytes)
Event: 12984.965 Thread 0x000000001586c800 nmethod 30685 0x00000000031020d0 code [0x0000000003102240, 0x0000000003102590]
Event: 12985.027 Thread 0x000000001586c800 30686       3       org.gradle.api.internal.changedetection.state.MissingFileSnapshot::getContent (4 bytes)
Event: 12985.028 Thread 0x000000001586c800 nmethod 30686 0x0000000003101d10 code [0x0000000003101e80, 0x0000000003102030]
Event: 12985.029 Thread 0x000000001586c800 30687       3       org.gradle.api.internal.changedetection.state.MissingFileContentSnapshot::isContentUpToDate (5 bytes)
Event: 12985.030 Thread 0x000000001586c800 nmethod 30687 0x0000000005d3f5d0 code [0x0000000005d3f720, 0x0000000005d3f970]

GC Heap History (10 events):
Event: 5208.016 GC heap before
{Heap before GC invocations=41 (full 4):
 PSYoungGen      total 494080K, used 481752K [0x00000000e0000000, 0x00000000ffe00000, 0x0000000100000000)
  eden space 465920K, 99% used [0x00000000e0000000,0x00000000fc6aa468,0x00000000fc700000)
  from space 28160K, 57% used [0x00000000fe280000,0x00000000ff24be98,0x00000000ffe00000)
  to   space 28160K, 0% used [0x00000000fc700000,0x00000000fc700000,0x00000000fe280000)
 ParOldGen       total 203776K, used 87785K [0x00000000a0000000, 0x00000000ac700000, 0x00000000e0000000)
  object space 203776K, 43% used [0x00000000a0000000,0x00000000a55ba698,0x00000000ac700000)
 Metaspace       used 114048K, capacity 123638K, committed 123904K, reserved 1157120K
  class space    used 14374K, capacity 16515K, committed 16640K, reserved 1048576K
Event: 5208.095 GC heap after
Heap after GC invocations=41 (full 4):
 PSYoungGen      total 494080K, used 13472K [0x00000000e0000000, 0x00000000ffe00000, 0x0000000100000000)
  eden space 465920K, 0% used [0x00000000e0000000,0x00000000e0000000,0x00000000fc700000)
  from space 28160K, 47% used [0x00000000fc700000,0x00000000fd428300,0x00000000fe280000)
  to   space 27136K, 0% used [0x00000000fe380000,0x00000000fe380000,0x00000000ffe00000)
 ParOldGen       total 203776K, used 88137K [0x00000000a0000000, 0x00000000ac700000, 0x00000000e0000000)
  object space 203776K, 43% used [0x00000000a0000000,0x00000000a56126a8,0x00000000ac700000)
 Metaspace       used 114048K, capacity 123638K, committed 123904K, reserved 1157120K
  class space    used 14374K, capacity 16515K, committed 16640K, reserved 1048576K
}
Event: 5252.982 GC heap before
{Heap before GC invocations=42 (full 4):
 PSYoungGen      total 494080K, used 479392K [0x00000000e0000000, 0x00000000ffe00000, 0x0000000100000000)
  eden space 465920K, 100% used [0x00000000e0000000,0x00000000fc700000,0x00000000fc700000)
  from space 28160K, 47% used [0x00000000fc700000,0x00000000fd428300,0x00000000fe280000)
  to   space 27136K, 0% used [0x00000000fe380000,0x00000000fe380000,0x00000000ffe00000)
 ParOldGen       total 203776K, used 88137K [0x00000000a0000000, 0x00000000ac700000, 0x00000000e0000000)
  object space 203776K, 43% used [0x00000000a0000000,0x00000000a56126a8,0x00000000ac700000)
 Metaspace       used 114156K, capacity 123758K, committed 123904K, reserved 1157120K
  class space    used 14385K, capacity 16555K, committed 16640K, reserved 1048576K
Event: 5253.027 GC heap after
Heap after GC invocations=42 (full 4):
 PSYoungGen      total 494080K, used 11820K [0x00000000e0000000, 0x00000000ffc00000, 0x0000000100000000)
  eden space 468992K, 0% used [0x00000000e0000000,0x00000000e0000000,0x00000000fca00000)
  from space 25088K, 47% used [0x00000000fe380000,0x00000000fef0b188,0x00000000ffc00000)
  to   space 25600K, 0% used [0x00000000fca00000,0x00000000fca00000,0x00000000fe300000)
 ParOldGen       total 203776K, used 88966K [0x00000000a0000000, 0x00000000ac700000, 0x00000000e0000000)
  object space 203776K, 43% used [0x00000000a0000000,0x00000000a56e1a78,0x00000000ac700000)
 Metaspace       used 114156K, capacity 123758K, committed 123904K, reserved 1157120K
  class space    used 14385K, capacity 16555K, committed 16640K, reserved 1048576K
}
Event: 12439.157 GC heap before
{Heap before GC invocations=43 (full 4):
 PSYoungGen      total 494080K, used 480812K [0x00000000e0000000, 0x00000000ffc00000, 0x0000000100000000)
  eden space 468992K, 100% used [0x00000000e0000000,0x00000000fca00000,0x00000000fca00000)
  from space 25088K, 47% used [0x00000000fe380000,0x00000000fef0b188,0x00000000ffc00000)
  to   space 25600K, 0% used [0x00000000fca00000,0x00000000fca00000,0x00000000fe300000)
 ParOldGen       total 203776K, used 88966K [0x00000000a0000000, 0x00000000ac700000, 0x00000000e0000000)
  object space 203776K, 43% used [0x00000000a0000000,0x00000000a56e1a78,0x00000000ac700000)
 Metaspace       used 114290K, capacity 124078K, committed 124160K, reserved 1157120K
  class space    used 14397K, capacity 16595K, committed 16640K, reserved 1048576K
Event: 12439.204 GC heap after
Heap after GC invocations=43 (full 4):
 PSYoungGen      total 465408K, used 15051K [0x00000000e0000000, 0x00000000fe880000, 0x0000000100000000)
  eden space 450048K, 0% used [0x00000000e0000000,0x00000000e0000000,0x00000000fb780000)
  from space 15360K, 97% used [0x00000000fca00000,0x00000000fd8b2c58,0x00000000fd900000)
  to   space 15872K, 0% used [0x00000000fd900000,0x00000000fd900000,0x00000000fe880000)
 ParOldGen       total 203776K, used 89094K [0x00000000a0000000, 0x00000000ac700000, 0x00000000e0000000)
  object space 203776K, 43% used [0x00000000a0000000,0x00000000a5701a88,0x00000000ac700000)
 Metaspace       used 114290K, capacity 124078K, committed 124160K, reserved 1157120K
  class space    used 14397K, capacity 16595K, committed 16640K, reserved 1048576K
}
Event: 12840.933 GC heap before
{Heap before GC invocations=44 (full 4):
 PSYoungGen      total 465408K, used 465099K [0x00000000e0000000, 0x00000000fe880000, 0x0000000100000000)
  eden space 450048K, 100% used [0x00000000e0000000,0x00000000fb780000,0x00000000fb780000)
  from space 15360K, 97% used [0x00000000fca00000,0x00000000fd8b2c58,0x00000000fd900000)
  to   space 15872K, 0% used [0x00000000fd900000,0x00000000fd900000,0x00000000fe880000)
 ParOldGen       total 203776K, used 89094K [0x00000000a0000000, 0x00000000ac700000, 0x00000000e0000000)
  object space 203776K, 43% used [0x00000000a0000000,0x00000000a5701a88,0x00000000ac700000)
 Metaspace       used 114450K, capacity 124322K, committed 124544K, reserved 1157120K
  class space    used 14420K, capacity 16675K, committed 16768K, reserved 1048576K
Event: 12840.970 GC heap after
Heap after GC invocations=44 (full 4):
 PSYoungGen      total 443904K, used 11455K [0x00000000e0000000, 0x00000000fe480000, 0x0000000100000000)
  eden space 432128K, 0% used [0x00000000e0000000,0x00000000e0000000,0x00000000fa600000)
  from space 11776K, 97% used [0x00000000fd900000,0x00000000fe42fc10,0x00000000fe480000)
  to   space 24576K, 0% used [0x00000000fb480000,0x00000000fb480000,0x00000000fcc80000)
 ParOldGen       total 203776K, used 89166K [0x00000000a0000000, 0x00000000ac700000, 0x00000000e0000000)
  object space 203776K, 43% used [0x00000000a0000000,0x00000000a5713a88,0x00000000ac700000)
 Metaspace       used 114450K, capacity 124322K, committed 124544K, reserved 1157120K
  class space    used 14420K, capacity 16675K, committed 16768K, reserved 1048576K
}
Event: 12981.962 GC heap before
{Heap before GC invocations=45 (full 4):
 PSYoungGen      total 443904K, used 443583K [0x00000000e0000000, 0x00000000fe480000, 0x0000000100000000)
  eden space 432128K, 100% used [0x00000000e0000000,0x00000000fa600000,0x00000000fa600000)
  from space 11776K, 97% used [0x00000000fd900000,0x00000000fe42fc10,0x00000000fe480000)
  to   space 24576K, 0% used [0x00000000fb480000,0x00000000fb480000,0x00000000fcc80000)
 ParOldGen       total 203776K, used 89166K [0x00000000a0000000, 0x00000000ac700000, 0x00000000e0000000)
  object space 203776K, 43% used [0x00000000a0000000,0x00000000a5713a88,0x00000000ac700000)
 Metaspace       used 114633K, capacity 124694K, committed 124800K, reserved 1157120K
  class space    used 14443K, capacity 16755K, committed 16768K, reserved 1048576K
Event: 12982.018 GC heap after
Heap after GC invocations=45 (full 4):
 PSYoungGen      total 421376K, used 6050K [0x00000000e0000000, 0x00000000fd980000, 0x0000000100000000)
  eden space 415232K, 0% used [0x00000000e0000000,0x00000000e0000000,0x00000000f9580000)
  from space 6144K, 98% used [0x00000000fb480000,0x00000000fba688d0,0x00000000fba80000)
  to   space 24576K, 0% used [0x00000000fc180000,0x00000000fc180000,0x00000000fd980000)
 ParOldGen       total 203776K, used 89246K [0x00000000a0000000, 0x00000000ac700000, 0x00000000e0000000)
  object space 203776K, 43% used [0x00000000a0000000,0x00000000a5727a88,0x00000000ac700000)
 Metaspace       used 114633K, capacity 124694K, committed 124800K, reserved 1157120K
  class space    used 14443K, capacity 16755K, committed 16768K, reserved 1048576K
}

Deoptimization events (10 events):
Event: 5208.352 Thread 0x000000001a392000 Uncommon trap: reason=unstable_if action=reinterpret pc=0x0000000007008038 method=org.objectweb.asm.util.Textifier.appendDescriptor(ILjava/lang/String;)V @ 7
Event: 5209.193 Thread 0x000000001a397800 Uncommon trap: reason=unstable_if action=reinterpret pc=0x0000000004fa83bc method=org.objectweb.asm.Frame.b(I)V @ 26
Event: 5250.965 Thread 0x0000000021c95000 Uncommon trap: reason=null_check action=make_not_entrant pc=0x000000000446912c method=com.sun.org.apache.xerces.internal.parsers.AbstractSAXParser.xmlDecl(Ljava/lang/String;Ljava/lang/String;Ljava/lang/String;Lcom/sun/org/apache/xerces/internal/xni/Augmen
Event: 12439.136 Thread 0x000000001a396000 Uncommon trap: reason=unstable_if action=reinterpret pc=0x0000000004d95870 method=java.util.concurrent.ForkJoinPool.scan(Ljava/util/concurrent/ForkJoinPool$WorkQueue;I)Ljava/util/concurrent/ForkJoinTask; @ 121
Event: 12838.269 Thread 0x000000001a391800 Uncommon trap: reason=class_check action=maybe_recompile pc=0x0000000005d3f818 method=java.lang.reflect.Array.newInstance(Ljava/lang/Class;I)Ljava/lang/Object; @ 2
Event: 12838.270 Thread 0x000000001a391800 Uncommon trap: reason=class_check action=maybe_recompile pc=0x0000000005d3f818 method=java.lang.reflect.Array.newInstance(Ljava/lang/Class;I)Ljava/lang/Object; @ 2
Event: 12839.063 Thread 0x000000001a397800 Uncommon trap: reason=null_check action=make_not_entrant pc=0x00000000073ee348 method=org.gradle.api.internal.project.taskfactory.InputPropertyAnnotationHandler.attachActions(Lorg/gradle/api/internal/project/taskfactory/TaskPropertyActionContext;)V @ 26
Event: 12885.568 Thread 0x000000001a041000 Uncommon trap: reason=class_check action=maybe_recompile pc=0x0000000005d3f818 method=java.lang.reflect.Array.newInstance(Ljava/lang/Class;I)Ljava/lang/Object; @ 2
Event: 12885.569 Thread 0x000000001a041000 Uncommon trap: reason=class_check action=maybe_recompile pc=0x0000000005d3f818 method=java.lang.reflect.Array.newInstance(Ljava/lang/Class;I)Ljava/lang/Object; @ 2
Event: 12983.330 Thread 0x0000000021c96800 Uncommon trap: reason=unstable_if action=reinterpret pc=0x0000000003a45aa4 method=java.util.concurrent.locks.ReentrantLock$Sync.nonfairTryAcquire(I)Z @ 19

Classes redefined (0 events):
No events

Internal exceptions (10 events):
Event: 12885.759 Thread 0x000000001a397800 Exception <a 'java/lang/ClassNotFoundException': sync_local_repo12523_3od866zlre9wj23rlfvxh8sd4BeanInfo> (0x00000000e8bff578) thrown at [D:\src\AOSP-openjdk-cygwin\jdk8u\hotspot\src\share\vm\classfile\systemDictionary.cpp, line 210]
Event: 12885.773 Thread 0x000000001a397800 Exception <a 'java/lang/ClassNotFoundException': sync_local_repo12523_3od866zlre9wj23rlfvxh8sd4Customizer> (0x00000000e8c0add8) thrown at [D:\src\AOSP-openjdk-cygwin\jdk8u\hotspot\src\share\vm\classfile\systemDictionary.cpp, line 210]
Event: 12886.292 Thread 0x000000001a397800 Exception <a 'sun/nio/fs/WindowsException'> (0x00000000ece08138) thrown at [D:\src\AOSP-openjdk-cygwin\jdk8u\hotspot\src\share\vm\prims\jni.cpp, line 709]
Event: 12891.270 Thread 0x0000000021c97000 Exception <a 'sun/nio/fs/WindowsException'> (0x00000000f61cee50) thrown at [D:\src\AOSP-openjdk-cygwin\jdk8u\hotspot\src\share\vm\prims\jni.cpp, line 709]
Event: 12891.461 Thread 0x0000000021c9b000 Exception <a 'sun/nio/fs/WindowsException'> (0x00000000f6283360) thrown at [D:\src\AOSP-openjdk-cygwin\jdk8u\hotspot\src\share\vm\prims\jni.cpp, line 709]
Event: 12892.009 Thread 0x0000000021c97000 Exception <a 'sun/nio/fs/WindowsException'> (0x00000000f7567798) thrown at [D:\src\AOSP-openjdk-cygwin\jdk8u\hotspot\src\share\vm\prims\jni.cpp, line 709]
Event: 12892.071 Thread 0x0000000021c9b000 Exception <a 'sun/nio/fs/WindowsException'> (0x00000000f83dcdc8) thrown at [D:\src\AOSP-openjdk-cygwin\jdk8u\hotspot\src\share\vm\prims\jni.cpp, line 709]
Event: 12981.686 Thread 0x0000000021c92800 Exception <a 'java/lang/ClassNotFoundException': sync_local_repo2278_4p9cqsxyedcpmfxm271q46ewtBeanInfo> (0x00000000f97ee1c0) thrown at [D:\src\AOSP-openjdk-cygwin\jdk8u\hotspot\src\share\vm\classfile\systemDictionary.cpp, line 210]
Event: 12981.686 Thread 0x0000000021c92800 Exception <a 'java/lang/ClassNotFoundException': sync_local_repo2278_4p9cqsxyedcpmfxm271q46ewtCustomizer> (0x00000000f97f97e0) thrown at [D:\src\AOSP-openjdk-cygwin\jdk8u\hotspot\src\share\vm\classfile\systemDictionary.cpp, line 210]
Event: 12982.501 Thread 0x0000000021c92800 Exception <a 'sun/nio/fs/WindowsException'> (0x00000000e341e890) thrown at [D:\src\AOSP-openjdk-cygwin\jdk8u\hotspot\src\share\vm\prims\jni.cpp, line 709]

Events (10 events):
Event: 12984.598 Thread 0x000000001586c800 flushing nmethod 0x0000000003cc9310
Event: 12984.599 Thread 0x000000001586c800 flushing nmethod 0x0000000003def350
Event: 12984.600 Thread 0x000000001586c800 flushing nmethod 0x000000000404c990
Event: 12984.610 Thread 0x000000001586c800 flushing nmethod 0x00000000042678d0
Event: 12984.691 Thread 0x000000001586c800 flushing nmethod 0x00000000056e0250
Event: 12984.691 Thread 0x000000001586c800 flushing nmethod 0x000000000582eb10
Event: 12984.694 Thread 0x000000001586c800 flushing nmethod 0x0000000005d3f5d0
Event: 12984.737 Thread 0x0000000015865800 flushing nmethod 0x0000000006a83550
Event: 12984.964 Thread 0x000000001a397800 DEOPT PACKING pc=0x0000000006ca2856 sp=0x000000002517e710
Event: 12984.964 Thread 0x000000001a397800 DEOPT UNPACKING pc=0x00000000021871d0 sp=0x000000002517e4c8 mode 0


Dynamic libraries:
0x00007ff6c4f60000 - 0x00007ff6c4f91000 	C:\Program Files\Android\Android Studio\jre\bin\java.exe
0x00007ffc8cb10000 - 0x00007ffc8ccbd000 	C:\Windows\SYSTEM32\ntdll.dll
0x00007ffc8a210000 - 0x00007ffc8a34e000 	C:\Windows\system32\KERNEL32.DLL
0x00007ffc89d10000 - 0x00007ffc89e26000 	C:\Windows\system32\KERNELBASE.dll
0x00007ffc8a650000 - 0x00007ffc8a6fa000 	C:\Windows\system32\ADVAPI32.dll
0x00007ffc8a700000 - 0x00007ffc8a877000 	C:\Windows\system32\USER32.dll
0x00007ffc879e0000 - 0x00007ffc87c5b000 	C:\Windows\WinSxS\amd64_microsoft.windows.common-controls_6595b64144ccf1df_6.0.9600.18006_none_623f33d3ecbe86e8\COMCTL32.dll
0x00007ffc8a8e0000 - 0x00007ffc8a98a000 	C:\Windows\system32\msvcrt.dll
0x00007ffc8ab40000 - 0x00007ffc8ab99000 	C:\Windows\SYSTEM32\sechost.dll
0x00007ffc8c190000 - 0x00007ffc8c2d0000 	C:\Windows\system32\RPCRT4.dll
0x00007ffc8c640000 - 0x00007ffc8c78b000 	C:\Windows\system32\GDI32.dll
0x00007ffc8a170000 - 0x00007ffc8a19e000 	C:\Windows\system32\SspiCli.dll
0x00007ffc8c2f0000 - 0x00007ffc8c326000 	C:\Windows\system32\IMM32.DLL
0x00007ffc8c930000 - 0x00007ffc8ca81000 	C:\Windows\system32\MSCTF.dll
0x000000006d0d0000 - 0x000000006d1a2000 	C:\Program Files\Android\Android Studio\jre\jre\bin\msvcr100.dll
0x000000006c110000 - 0x000000006c94f000 	C:\Program Files\Android\Android Studio\jre\jre\bin\server\jvm.dll
0x00007ffc801e0000 - 0x00007ffc801e9000 	C:\Windows\SYSTEM32\WSOCK32.dll
0x00007ffc81630000 - 0x00007ffc81652000 	C:\Windows\SYSTEM32\WINMM.dll
0x00007ffc801c0000 - 0x00007ffc801ca000 	C:\Windows\SYSTEM32\VERSION.dll
0x00007ffc8a640000 - 0x00007ffc8a647000 	C:\Windows\system32\PSAPI.DLL
0x00007ffc8a1a0000 - 0x00007ffc8a1fa000 	C:\Windows\system32\WS2_32.dll
0x00007ffc81600000 - 0x00007ffc8162a000 	C:\Windows\SYSTEM32\WINMMBASE.dll
0x00007ffc8c2d0000 - 0x00007ffc8c2d9000 	C:\Windows\system32\NSI.dll
0x00007ffc89e90000 - 0x00007ffc89edf000 	C:\Windows\SYSTEM32\cfgmgr32.dll
0x00007ffc88a50000 - 0x00007ffc88a78000 	C:\Windows\SYSTEM32\DEVOBJ.dll
0x00007ffc7ded0000 - 0x00007ffc7dedf000 	C:\Program Files\Android\Android Studio\jre\jre\bin\verify.dll
0x00007ffc6a140000 - 0x00007ffc6a169000 	C:\Program Files\Android\Android Studio\jre\jre\bin\java.dll
0x00007ffc6a120000 - 0x00007ffc6a136000 	C:\Program Files\Android\Android Studio\jre\jre\bin\zip.dll
0x00007ffc8ac60000 - 0x00007ffc8c18c000 	C:\Windows\system32\SHELL32.dll
0x00007ffc8a350000 - 0x00007ffc8a562000 	C:\Windows\SYSTEM32\combase.dll
0x00007ffc8a880000 - 0x00007ffc8a8d4000 	C:\Windows\system32\SHLWAPI.dll
0x00007ffc88020000 - 0x00007ffc880d2000 	C:\Windows\SYSTEM32\SHCORE.dll
0x00007ffc89c40000 - 0x00007ffc89c55000 	C:\Windows\SYSTEM32\profapi.dll
0x00007ffc64f90000 - 0x00007ffc64faa000 	C:\Program Files\Android\Android Studio\jre\jre\bin\net.dll
0x00007ffc89470000 - 0x00007ffc894c9000 	C:\Windows\system32\mswsock.dll
0x00007ffc64de0000 - 0x00007ffc64df1000 	C:\Program Files\Android\Android Studio\jre\jre\bin\nio.dll
0x00007ffc77030000 - 0x00007ffc7704e000 	C:\Users\Verena\.gradle\native\25\windows-amd64\native-platform.dll
0x00007ffc7dec0000 - 0x00007ffc7decd000 	C:\Program Files\Android\Android Studio\jre\jre\bin\management.dll
0x00007ffc894d0000 - 0x00007ffc894f0000 	C:\Windows\SYSTEM32\CRYPTSP.dll
0x00007ffc890f0000 - 0x00007ffc89126000 	C:\Windows\system32\rsaenh.dll
0x00007ffc89720000 - 0x00007ffc89746000 	C:\Windows\SYSTEM32\bcrypt.dll
0x00007ffc89200000 - 0x00007ffc89221000 	C:\Windows\SYSTEM32\USERENV.dll
0x00007ffc89aa0000 - 0x00007ffc89b03000 	C:\Windows\system32\bcryptprimitives.dll
0x00007ffc89b10000 - 0x00007ffc89b1b000 	C:\Windows\SYSTEM32\CRYPTBASE.dll
0x00007ffc83450000 - 0x00007ffc8347a000 	C:\Windows\SYSTEM32\IPHLPAPI.DLL
0x00007ffc83430000 - 0x00007ffc8343a000 	C:\Windows\SYSTEM32\WINNSI.DLL
0x00007ffc832d0000 - 0x00007ffc832e6000 	C:\Windows\SYSTEM32\dhcpcsvc6.DLL
0x00007ffc832b0000 - 0x00007ffc832ca000 	C:\Windows\SYSTEM32\dhcpcsvc.DLL
0x00007ffc61370000 - 0x00007ffc61394000 	C:\Program Files\Android\Android Studio\jre\jre\bin\sunec.dll
0x00007ffc89270000 - 0x00007ffc89314000 	C:\Windows\SYSTEM32\DNSAPI.dll
0x00007ffc7f580000 - 0x00007ffc7f58a000 	C:\Windows\System32\rasadhlp.dll
0x00007ffc83060000 - 0x00007ffc830cb000 	C:\Windows\System32\fwpuclnt.dll
0x00007ffc84050000 - 0x00007ffc8405b000 	C:\Program Files\Android\Android Studio\jre\jre\bin\sunmscapi.dll
0x00007ffc89f90000 - 0x00007ffc8a16f000 	C:\Windows\system32\CRYPT32.dll
0x00007ffc89cf0000 - 0x00007ffc89d01000 	C:\Windows\system32\MSASN1.dll
0x00007ffc85920000 - 0x00007ffc85aa9000 	C:\Windows\SYSTEM32\dbghelp.dll

VM Arguments:
jvm_args: -Xmx1536m -Dfile.encoding=windows-1252 -Duser.country=AT -Duser.language=de -Duser.variant 
java_command: org.gradle.launcher.daemon.bootstrap.GradleDaemon 4.4
java_class_path (initial): C:\Users\Verena\.gradle\wrapper\dists\gradle-4.4-all\9br9xq1tocpiv8o6njlyu5op1\gradle-4.4\lib\gradle-launcher-4.4.jar
Launcher Type: SUN_STANDARD

Environment Variables:
PATH=C:\Program Files (x86)\Common Files\Intel\Shared Libraries\redist\intel64\compiler;C:\ProgramData\Oracle\Java\javapath;C:\Program Files (x86)\Intel\iCLS Client\;C:\Program Files\Intel\iCLS Client\;C:\Windows\system32;C:\Windows;C:\Windows\System32\Wbem;C:\Windows\System32\WindowsPowerShell\v1.0\;C:\Program Files\Intel\Intel(R) Management Engine Components\DAL;C:\Program Files (x86)\Intel\Intel(R) Management Engine Components\DAL;C:\Program Files\Intel\Intel(R) Management Engine Components\IPT;C:\Program Files (x86)\Intel\Intel(R) Management Engine Components\IPT;C:\Program Files\Intel\WiFi\bin\;C:\Program Files\Common Files\Intel\WirelessCommon\;C:\HashiCorp\Vagrant\bin;C:\Winprogs\xampp\php;C:\ProgramData\ComposerSetup\bin;C:\Program Files (x86)\GtkSharp\2.12\bin;C:\Program Files\dotnet\;C:\Program Files\nodejs\;C:\Program Files\Intel\WiFi\bin\;C:\Program Files\Common Files\Intel\WirelessCommon\;C:\Users\Verena\AppData\Local\GitHubDesktop\bin;C:\Users\Verena\AppData\Roaming\Composer\vendor\bin;C:\Users\Verena\AppData\Local\Programs\MiKTeX 2.9\miktex\bin\x64\;C:\Users\Verena\AppData\Roaming\npm
USERNAME=Verena
OS=Windows_NT
PROCESSOR_IDENTIFIER=Intel64 Family 6 Model 61 Stepping 4, GenuineIntel



---------------  S Y S T E M  ---------------

OS: Windows 8.1 , 64 bit Build 9600 (6.3.9600.17415)

CPU:total 2 (initial active 2) (2 cores per cpu, 1 threads per core) family 6 model 61 stepping 4, cmov, cx8, fxsr, mmx, sse, sse2, sse3, ssse3, sse4.1, sse4.2, popcnt, clmul, erms, 3dnowpref, lzcnt, tsc, tscinvbit

Memory: 4k page, physical 8305660k(536064k free), swap 16694268k(5180624k free)

vm_info: OpenJDK 64-Bit Server VM (25.152-b02) for windows-amd64 JRE (1.8.0_152-release-1024-b02), built by "builder" with MS VC++ 10.0 (VS2010)

time: Thu Jun 21 20:02:50 2018
elapsed time: 12985 seconds (0d 3h 36m 25s)

